<?xml version="1.0" encoding="UTF-8"?>
<testsuite name="GrepTest" tests="5" skipped="0" failures="0" errors="0" timestamp="2023-03-21T16:54:41" hostname="PC" time="0.022">
  <properties/>
  <testcase name="testAllFalse()" classname="GrepTest" time="0.017"/>
  <testcase name="testAllTrue()" classname="GrepTest" time="0.001"/>
  <testcase name="testRegex()" classname="GrepTest" time="0.001"/>
  <testcase name="testIgnoreCase()" classname="GrepTest" time="0.001"/>
  <testcase name="testInverted()" classname="GrepTest" time="0.001"/>
  <system-out><![CDATA[]]></system-out>
  <system-err><![CDATA[]]></system-err>
</testsuite>
